<?xml version="1.0" encoding="UTF-8"?>
<!-- Generated by org.testng.reporters.JUnitReportReporter -->
<testsuite hostname="Tushar" failures="0" tests="1" name="testclasses.LoginTest" time="9.432" errors="0" timestamp="02 Aug 2022 07:11:19 GMT" skipped="0">
  <testcase classname="testclasses.LoginTest" name="testCase1" time="9.432"/>
</testsuite> <!-- testclasses.LoginTest -->
